<?xml version="1.0" encoding="UTF-8"?>
<testsuite name="baseball.ApplicationTest" tests="2" skipped="0" failures="2" errors="0" timestamp="2023-09-27T19:08:20" hostname="daewonui-Macmini.local" time="0.527">
  <properties/>
  <testcase name="게임종료_후_재시작()" classname="baseball.ApplicationTest" time="0.525">
    <failure message="java.lang.AssertionError: &#10;Expecting actual:&#10;  &quot;&quot;&#10;to contain:&#10;  [&quot;낫싱&quot;, &quot;3스트라이크&quot;, &quot;1볼 1스트라이크&quot;, &quot;3스트라이크&quot;, &quot;게임 종료&quot;]&#10;but could not find:&#10;  [&quot;낫싱&quot;, &quot;3스트라이크&quot;, &quot;1볼 1스트라이크&quot;, &quot;게임 종료&quot;]&#10; " type="java.lang.AssertionError">java.lang.AssertionError: 
Expecting actual:
  &quot;&quot;
to contain:
  [&quot;낫싱&quot;, &quot;3스트라이크&quot;, &quot;1볼 1스트라이크&quot;, &quot;3스트라이크&quot;, &quot;게임 종료&quot;]
but could not find:
  [&quot;낫싱&quot;, &quot;3스트라이크&quot;, &quot;1볼 1스트라이크&quot;, &quot;게임 종료&quot;]
 
	at baseball.ApplicationTest.lambda$게임종료_후_재시작$0(ApplicationTest.java:17)
	at camp.nextstep.edu.missionutils.test.Assertions.lambda$assertRandomTest$4(Assertions.java:89)
	at org.junit.jupiter.api.AssertTimeout.lambda$assertTimeoutPreemptively$2(AssertTimeout.java:102)
	at org.junit.jupiter.api.AssertTimeout.lambda$assertTimeoutPreemptively$4(AssertTimeout.java:138)
	at java.base/java.util.concurrent.FutureTask.run(FutureTask.java:264)
	at java.base/java.util.concurrent.ThreadPoolExecutor.runWorker(ThreadPoolExecutor.java:1128)
	at java.base/java.util.concurrent.ThreadPoolExecutor$Worker.run(ThreadPoolExecutor.java:628)
	at java.base/java.lang.Thread.run(Thread.java:829)
</failure>
  </testcase>
  <testcase name="예외_테스트()" classname="baseball.ApplicationTest" time="0.002">
    <failure message="java.lang.AssertionError: &#10;Expecting code to raise a throwable." type="java.lang.AssertionError">java.lang.AssertionError: 
Expecting code to raise a throwable.
	at baseball.ApplicationTest.lambda$예외_테스트$2(ApplicationTest.java:26)
	at org.junit.jupiter.api.AssertTimeout.lambda$assertTimeoutPreemptively$2(AssertTimeout.java:102)
	at org.junit.jupiter.api.AssertTimeout.lambda$assertTimeoutPreemptively$4(AssertTimeout.java:138)
	at java.base/java.util.concurrent.FutureTask.run(FutureTask.java:264)
	at java.base/java.util.concurrent.ThreadPoolExecutor.runWorker(ThreadPoolExecutor.java:1128)
	at java.base/java.util.concurrent.ThreadPoolExecutor$Worker.run(ThreadPoolExecutor.java:628)
	at java.base/java.lang.Thread.run(Thread.java:829)
</failure>
  </testcase>
  <system-out><![CDATA[

]]></system-out>
  <system-err><![CDATA[]]></system-err>
</testsuite>
